

Started GET "/" for 127.0.0.1 at 2016-04-11 20:14:24 -0300
Processing by VisitorsController#index as HTML
  Rendered visitors/index.html.erb (1.6ms)
Completed 200 OK in 25ms (Views: 13.1ms | ActiveRecord: 0.0ms)


Started GET "/" for 127.0.0.1 at 2016-04-11 20:18:51 -0300
Processing by VisitorsController#index as HTML
  Rendered visitors/index.html.erb (0.1ms)
Completed 200 OK in 3ms (Views: 2.8ms | ActiveRecord: 0.0ms)


Started GET "/" for 127.0.0.1 at 2016-04-11 21:07:51 -0300

ActiveRecord::PendingMigrationError - 

Migrations are pending. To resolve this issue, run:

	bin/rake db:migrate RAILS_ENV=development

:
  activerecord (4.2.6) lib/active_record/migration.rb:392:in `check_pending!'
  activerecord (4.2.6) lib/active_record/migration.rb:373:in `call'
  actionpack (4.2.6) lib/action_dispatch/middleware/callbacks.rb:29:in `block in call'
  activesupport (4.2.6) lib/active_support/callbacks.rb:88:in `__run_callbacks__'
  activesupport (4.2.6) lib/active_support/callbacks.rb:778:in `_run_call_callbacks'
  activesupport (4.2.6) lib/active_support/callbacks.rb:81:in `run_callbacks'
  actionpack (4.2.6) lib/action_dispatch/middleware/callbacks.rb:27:in `call'
  actionpack (4.2.6) lib/action_dispatch/middleware/reloader.rb:73:in `call'
  actionpack (4.2.6) lib/action_dispatch/middleware/remote_ip.rb:78:in `call'
  better_errors (2.1.1) lib/better_errors/middleware.rb:84:in `protected_app_call'
  better_errors (2.1.1) lib/better_errors/middleware.rb:79:in `better_errors_call'
  better_errors (2.1.1) lib/better_errors/middleware.rb:57:in `call'
  actionpack (4.2.6) lib/action_dispatch/middleware/debug_exceptions.rb:17:in `call'
  web-console (2.3.0) lib/web_console/middleware.rb:28:in `block in call'
  web-console (2.3.0) lib/web_console/middleware.rb:18:in `call'
  actionpack (4.2.6) lib/action_dispatch/middleware/show_exceptions.rb:30:in `call'
  railties (4.2.6) lib/rails/rack/logger.rb:38:in `call_app'
  railties (4.2.6) lib/rails/rack/logger.rb:20:in `block in call'
  activesupport (4.2.6) lib/active_support/tagged_logging.rb:68:in `block in tagged'
  activesupport (4.2.6) lib/active_support/tagged_logging.rb:26:in `tagged'
  activesupport (4.2.6) lib/active_support/tagged_logging.rb:68:in `tagged'
  railties (4.2.6) lib/rails/rack/logger.rb:20:in `call'
  quiet_assets (1.1.0) lib/quiet_assets.rb:27:in `call_with_quiet_assets'
  actionpack (4.2.6) lib/action_dispatch/middleware/request_id.rb:21:in `call'
  rack (1.6.4) lib/rack/methodoverride.rb:22:in `call'
  rack (1.6.4) lib/rack/runtime.rb:18:in `call'
  activesupport (4.2.6) lib/active_support/cache/strategy/local_cache_middleware.rb:28:in `call'
  rack (1.6.4) lib/rack/lock.rb:17:in `call'
  actionpack (4.2.6) lib/action_dispatch/middleware/static.rb:120:in `call'
  rack (1.6.4) lib/rack/sendfile.rb:113:in `call'
  railties (4.2.6) lib/rails/engine.rb:518:in `call'
  railties (4.2.6) lib/rails/application.rb:165:in `call'
  rack (1.6.4) lib/rack/content_length.rb:15:in `call'
  thin (1.6.4) lib/thin/connection.rb:86:in `block in pre_process'
  thin (1.6.4) lib/thin/connection.rb:84:in `pre_process'
  thin (1.6.4) lib/thin/connection.rb:53:in `process'
  thin (1.6.4) lib/thin/connection.rb:39:in `receive_data'
  eventmachine (1.2.0.1) lib/eventmachine.rb:194:in `run'
  thin (1.6.4) lib/thin/backends/base.rb:73:in `start'
  thin (1.6.4) lib/thin/server.rb:162:in `start'
  rack (1.6.4) lib/rack/handler/thin.rb:19:in `run'
  rack (1.6.4) lib/rack/server.rb:286:in `start'
  railties (4.2.6) lib/rails/commands/server.rb:80:in `start'
  railties (4.2.6) lib/rails/commands/commands_tasks.rb:80:in `block in server'
  railties (4.2.6) lib/rails/commands/commands_tasks.rb:75:in `server'
  railties (4.2.6) lib/rails/commands/commands_tasks.rb:39:in `run_command!'
  railties (4.2.6) lib/rails/commands.rb:17:in `<top (required)>'
  bin/rails:9:in `<top (required)>'
  spring (1.7.1) lib/spring/client/rails.rb:28:in `call'
  spring (1.7.1) lib/spring/client/command.rb:7:in `call'
  spring (1.7.1) lib/spring/client.rb:30:in `run'
  spring (1.7.1) bin/spring:49:in `<top (required)>'
  spring (1.7.1) lib/spring/binstub.rb:11:in `<top (required)>'
  /home/rafaela/.rbenv/versions/2.2.3/lib/ruby/2.2.0/rubygems/core_ext/kernel_require.rb:54:in `require'
  bin/spring:13:in `<top (required)>'
  bin/rails:3:in `<main>'



Started POST "/__better_errors/59f03d32847462e1/variables" for 127.0.0.1 at 2016-04-11 21:07:51 -0300


Started GET "/clientes" for 127.0.0.1 at 2016-04-11 21:09:11 -0300

ActiveRecord::PendingMigrationError - 

Migrations are pending. To resolve this issue, run:

	bin/rake db:migrate RAILS_ENV=development

:
  activerecord (4.2.6) lib/active_record/migration.rb:392:in `check_pending!'
  activerecord (4.2.6) lib/active_record/migration.rb:373:in `call'
  actionpack (4.2.6) lib/action_dispatch/middleware/callbacks.rb:29:in `block in call'
  activesupport (4.2.6) lib/active_support/callbacks.rb:88:in `__run_callbacks__'
  activesupport (4.2.6) lib/active_support/callbacks.rb:778:in `_run_call_callbacks'
  activesupport (4.2.6) lib/active_support/callbacks.rb:81:in `run_callbacks'
  actionpack (4.2.6) lib/action_dispatch/middleware/callbacks.rb:27:in `call'
  actionpack (4.2.6) lib/action_dispatch/middleware/reloader.rb:73:in `call'
  actionpack (4.2.6) lib/action_dispatch/middleware/remote_ip.rb:78:in `call'
  better_errors (2.1.1) lib/better_errors/middleware.rb:84:in `protected_app_call'
  better_errors (2.1.1) lib/better_errors/middleware.rb:79:in `better_errors_call'
  better_errors (2.1.1) lib/better_errors/middleware.rb:57:in `call'
  actionpack (4.2.6) lib/action_dispatch/middleware/debug_exceptions.rb:17:in `call'
  web-console (2.3.0) lib/web_console/middleware.rb:28:in `block in call'
  web-console (2.3.0) lib/web_console/middleware.rb:18:in `call'
  actionpack (4.2.6) lib/action_dispatch/middleware/show_exceptions.rb:30:in `call'
  railties (4.2.6) lib/rails/rack/logger.rb:38:in `call_app'
  railties (4.2.6) lib/rails/rack/logger.rb:20:in `block in call'
  activesupport (4.2.6) lib/active_support/tagged_logging.rb:68:in `block in tagged'
  activesupport (4.2.6) lib/active_support/tagged_logging.rb:26:in `tagged'
  activesupport (4.2.6) lib/active_support/tagged_logging.rb:68:in `tagged'
  railties (4.2.6) lib/rails/rack/logger.rb:20:in `call'
  quiet_assets (1.1.0) lib/quiet_assets.rb:27:in `call_with_quiet_assets'
  actionpack (4.2.6) lib/action_dispatch/middleware/request_id.rb:21:in `call'
  rack (1.6.4) lib/rack/methodoverride.rb:22:in `call'
  rack (1.6.4) lib/rack/runtime.rb:18:in `call'
  activesupport (4.2.6) lib/active_support/cache/strategy/local_cache_middleware.rb:28:in `call'
  rack (1.6.4) lib/rack/lock.rb:17:in `call'
  actionpack (4.2.6) lib/action_dispatch/middleware/static.rb:120:in `call'
  rack (1.6.4) lib/rack/sendfile.rb:113:in `call'
  railties (4.2.6) lib/rails/engine.rb:518:in `call'
  railties (4.2.6) lib/rails/application.rb:165:in `call'
  rack (1.6.4) lib/rack/content_length.rb:15:in `call'
  thin (1.6.4) lib/thin/connection.rb:86:in `block in pre_process'
  thin (1.6.4) lib/thin/connection.rb:84:in `pre_process'
  thin (1.6.4) lib/thin/connection.rb:53:in `process'
  thin (1.6.4) lib/thin/connection.rb:39:in `receive_data'
  eventmachine (1.2.0.1) lib/eventmachine.rb:194:in `run'
  thin (1.6.4) lib/thin/backends/base.rb:73:in `start'
  thin (1.6.4) lib/thin/server.rb:162:in `start'
  rack (1.6.4) lib/rack/handler/thin.rb:19:in `run'
  rack (1.6.4) lib/rack/server.rb:286:in `start'
  railties (4.2.6) lib/rails/commands/server.rb:80:in `start'
  railties (4.2.6) lib/rails/commands/commands_tasks.rb:80:in `block in server'
  railties (4.2.6) lib/rails/commands/commands_tasks.rb:75:in `server'
  railties (4.2.6) lib/rails/commands/commands_tasks.rb:39:in `run_command!'
  railties (4.2.6) lib/rails/commands.rb:17:in `<top (required)>'
  bin/rails:9:in `<top (required)>'
  spring (1.7.1) lib/spring/client/rails.rb:28:in `call'
  spring (1.7.1) lib/spring/client/command.rb:7:in `call'
  spring (1.7.1) lib/spring/client.rb:30:in `run'
  spring (1.7.1) bin/spring:49:in `<top (required)>'
  spring (1.7.1) lib/spring/binstub.rb:11:in `<top (required)>'
  /home/rafaela/.rbenv/versions/2.2.3/lib/ruby/2.2.0/rubygems/core_ext/kernel_require.rb:54:in `require'
  bin/spring:13:in `<top (required)>'
  bin/rails:3:in `<main>'



Started POST "/__better_errors/e5790cd2891a9b7a/variables" for 127.0.0.1 at 2016-04-11 21:09:11 -0300


Started POST "/__better_errors/e5790cd2891a9b7a/eval" for 127.0.0.1 at 2016-04-11 21:09:13 -0300


Started POST "/__better_errors/e5790cd2891a9b7a/eval" for 127.0.0.1 at 2016-04-11 21:09:16 -0300


Started POST "/__better_errors/e5790cd2891a9b7a/eval" for 127.0.0.1 at 2016-04-11 21:09:17 -0300


Started POST "/__better_errors/e5790cd2891a9b7a/eval" for 127.0.0.1 at 2016-04-11 21:09:17 -0300


Started GET "/clientes" for 127.0.0.1 at 2016-04-11 21:09:19 -0300

ActiveRecord::PendingMigrationError - 

Migrations are pending. To resolve this issue, run:

	bin/rake db:migrate RAILS_ENV=development

:
  activerecord (4.2.6) lib/active_record/migration.rb:392:in `check_pending!'
  activerecord (4.2.6) lib/active_record/migration.rb:373:in `call'
  actionpack (4.2.6) lib/action_dispatch/middleware/callbacks.rb:29:in `block in call'
  activesupport (4.2.6) lib/active_support/callbacks.rb:88:in `__run_callbacks__'
  activesupport (4.2.6) lib/active_support/callbacks.rb:778:in `_run_call_callbacks'
  activesupport (4.2.6) lib/active_support/callbacks.rb:81:in `run_callbacks'
  actionpack (4.2.6) lib/action_dispatch/middleware/callbacks.rb:27:in `call'
  actionpack (4.2.6) lib/action_dispatch/middleware/reloader.rb:73:in `call'
  actionpack (4.2.6) lib/action_dispatch/middleware/remote_ip.rb:78:in `call'
  better_errors (2.1.1) lib/better_errors/middleware.rb:84:in `protected_app_call'
  better_errors (2.1.1) lib/better_errors/middleware.rb:79:in `better_errors_call'
  better_errors (2.1.1) lib/better_errors/middleware.rb:57:in `call'
  actionpack (4.2.6) lib/action_dispatch/middleware/debug_exceptions.rb:17:in `call'
  web-console (2.3.0) lib/web_console/middleware.rb:28:in `block in call'
  web-console (2.3.0) lib/web_console/middleware.rb:18:in `call'
  actionpack (4.2.6) lib/action_dispatch/middleware/show_exceptions.rb:30:in `call'
  railties (4.2.6) lib/rails/rack/logger.rb:38:in `call_app'
  railties (4.2.6) lib/rails/rack/logger.rb:20:in `block in call'
  activesupport (4.2.6) lib/active_support/tagged_logging.rb:68:in `block in tagged'
  activesupport (4.2.6) lib/active_support/tagged_logging.rb:26:in `tagged'
  activesupport (4.2.6) lib/active_support/tagged_logging.rb:68:in `tagged'
  railties (4.2.6) lib/rails/rack/logger.rb:20:in `call'
  quiet_assets (1.1.0) lib/quiet_assets.rb:27:in `call_with_quiet_assets'
  actionpack (4.2.6) lib/action_dispatch/middleware/request_id.rb:21:in `call'
  rack (1.6.4) lib/rack/methodoverride.rb:22:in `call'
  rack (1.6.4) lib/rack/runtime.rb:18:in `call'
  activesupport (4.2.6) lib/active_support/cache/strategy/local_cache_middleware.rb:28:in `call'
  rack (1.6.4) lib/rack/lock.rb:17:in `call'
  actionpack (4.2.6) lib/action_dispatch/middleware/static.rb:120:in `call'
  rack (1.6.4) lib/rack/sendfile.rb:113:in `call'
  railties (4.2.6) lib/rails/engine.rb:518:in `call'
  railties (4.2.6) lib/rails/application.rb:165:in `call'
  rack (1.6.4) lib/rack/content_length.rb:15:in `call'
  thin (1.6.4) lib/thin/connection.rb:86:in `block in pre_process'
  thin (1.6.4) lib/thin/connection.rb:84:in `pre_process'
  thin (1.6.4) lib/thin/connection.rb:53:in `process'
  thin (1.6.4) lib/thin/connection.rb:39:in `receive_data'
  eventmachine (1.2.0.1) lib/eventmachine.rb:194:in `run'
  thin (1.6.4) lib/thin/backends/base.rb:73:in `start'
  thin (1.6.4) lib/thin/server.rb:162:in `start'
  rack (1.6.4) lib/rack/handler/thin.rb:19:in `run'
  rack (1.6.4) lib/rack/server.rb:286:in `start'
  railties (4.2.6) lib/rails/commands/server.rb:80:in `start'
  railties (4.2.6) lib/rails/commands/commands_tasks.rb:80:in `block in server'
  railties (4.2.6) lib/rails/commands/commands_tasks.rb:75:in `server'
  railties (4.2.6) lib/rails/commands/commands_tasks.rb:39:in `run_command!'
  railties (4.2.6) lib/rails/commands.rb:17:in `<top (required)>'
  bin/rails:9:in `<top (required)>'
  spring (1.7.1) lib/spring/client/rails.rb:28:in `call'
  spring (1.7.1) lib/spring/client/command.rb:7:in `call'
  spring (1.7.1) lib/spring/client.rb:30:in `run'
  spring (1.7.1) bin/spring:49:in `<top (required)>'
  spring (1.7.1) lib/spring/binstub.rb:11:in `<top (required)>'
  /home/rafaela/.rbenv/versions/2.2.3/lib/ruby/2.2.0/rubygems/core_ext/kernel_require.rb:54:in `require'
  bin/spring:13:in `<top (required)>'
  bin/rails:3:in `<main>'



Started POST "/__better_errors/cbdd51a8709ed5e3/variables" for 127.0.0.1 at 2016-04-11 21:09:19 -0300


Started POST "/__better_errors/cbdd51a8709ed5e3/eval" for 127.0.0.1 at 2016-04-11 21:09:22 -0300


Started POST "/__better_errors/cbdd51a8709ed5e3/eval" for 127.0.0.1 at 2016-04-11 21:09:22 -0300


Started POST "/__better_errors/cbdd51a8709ed5e3/eval" for 127.0.0.1 at 2016-04-11 21:09:22 -0300
  [1m[36m (4.6ms)[0m  [1mCREATE TABLE "schema_migrations" ("version" varchar NOT NULL) [0m
  [1m[35m (0.1ms)[0m  select sqlite_version(*)
  [1m[36m (3.7ms)[0m  [1mCREATE UNIQUE INDEX "unique_schema_migrations" ON "schema_migrations" ("version")[0m
  [1m[35mActiveRecord::SchemaMigration Load (0.1ms)[0m  SELECT "schema_migrations".* FROM "schema_migrations"
Migrating to CreateClientes (20160411235941)
  [1m[36m (0.1ms)[0m  [1mbegin transaction[0m
  [1m[35m (0.4ms)[0m  CREATE TABLE "clientes" ("id" INTEGER PRIMARY KEY AUTOINCREMENT NOT NULL, "nome" varchar, "cpf" varchar, "endereco" varchar, "numero" varchar, "cidade" varchar, "estado" varchar, "email" varchar, "created_at" datetime NOT NULL, "updated_at" datetime NOT NULL) 
  [1m[36mSQL (0.2ms)[0m  [1mINSERT INTO "schema_migrations" ("version") VALUES (?)[0m  [["version", "20160411235941"]]
  [1m[35m (275.9ms)[0m  commit transaction
  [1m[36mActiveRecord::SchemaMigration Load (0.2ms)[0m  [1mSELECT "schema_migrations".* FROM "schema_migrations"[0m


Started GET "/" for 127.0.0.1 at 2016-04-13 18:46:00 -0300
  [1m[36mActiveRecord::SchemaMigration Load (0.1ms)[0m  [1mSELECT "schema_migrations".* FROM "schema_migrations"[0m
Processing by VisitorsController#index as HTML
  Rendered visitors/index.html.erb (1.8ms)
Completed 200 OK in 68ms (Views: 46.6ms | ActiveRecord: 0.0ms)


Started GET "/clientes" for 127.0.0.1 at 2016-04-13 18:46:11 -0300
Processing by ClientesController#index as HTML
  [1m[35mCliente Load (0.2ms)[0m  SELECT "clientes".* FROM "clientes"
  Rendered clientes/index.html.haml (4.5ms)
Completed 200 OK in 12ms (Views: 8.9ms | ActiveRecord: 0.3ms)


Started GET "/clientes/new" for 127.0.0.1 at 2016-04-13 18:46:13 -0300
Processing by ClientesController#new as HTML
  Rendered clientes/_form.html.haml (742.5ms)
  Rendered clientes/new.html.haml (764.0ms)
Completed 200 OK in 776ms (Views: 767.0ms | ActiveRecord: 0.4ms)


Started POST "/clientes" for 127.0.0.1 at 2016-04-13 18:46:42 -0300
Processing by ClientesController#create as HTML
  Parameters: {"utf8"=>"✓", "authenticity_token"=>"lAaKjyskBjRFTsPhQEALi+gILT5bOeEcag02+1oQBAV3DKT6AhsY6P0n6GNbzt951GAMq6xJpzp2vUM0ayBnKQ==", "cliente"=>{"nome"=>"rafa", "cpf"=>"111", "endereco"=>"asr", "numero"=>"29", "cidade"=>"cam", "estado"=>"rj", "email"=>"ra@fa"}, "commit"=>"Create Cliente"}
  [1m[36m (0.2ms)[0m  [1mbegin transaction[0m
  [1m[35mSQL (0.4ms)[0m  INSERT INTO "clientes" ("nome", "cpf", "endereco", "numero", "cidade", "estado", "email", "created_at", "updated_at") VALUES (?, ?, ?, ?, ?, ?, ?, ?, ?)  [["nome", "rafa"], ["cpf", "111"], ["endereco", "asr"], ["numero", "29"], ["cidade", "cam"], ["estado", "rj"], ["email", "ra@fa"], ["created_at", "2016-04-13 21:46:42.208596"], ["updated_at", "2016-04-13 21:46:42.208596"]]
  [1m[36m (3.0ms)[0m  [1mcommit transaction[0m
Redirected to http://localhost:3000/clientes/1
Completed 302 Found in 39ms (ActiveRecord: 3.6ms)


Started GET "/clientes/1" for 127.0.0.1 at 2016-04-13 18:46:42 -0300
Processing by ClientesController#show as HTML
  Parameters: {"id"=>"1"}
  [1m[35mCliente Load (0.3ms)[0m  SELECT  "clientes".* FROM "clientes" WHERE "clientes"."id" = ? LIMIT 1  [["id", 1]]
  Rendered clientes/show.html.haml (4.5ms)
Completed 200 OK in 52ms (Views: 7.0ms | ActiveRecord: 0.3ms)


Started GET "/clientes" for 127.0.0.1 at 2016-04-13 18:46:44 -0300
Processing by ClientesController#index as HTML
  [1m[36mCliente Load (0.5ms)[0m  [1mSELECT "clientes".* FROM "clientes"[0m
  Rendered clientes/index.html.haml (3.8ms)
Completed 200 OK in 9ms (Views: 7.7ms | ActiveRecord: 0.5ms)


Started GET "/clientes/1" for 127.0.0.1 at 2016-04-13 18:46:54 -0300
Processing by ClientesController#show as HTML
  Parameters: {"id"=>"1"}
  [1m[35mCliente Load (0.3ms)[0m  SELECT  "clientes".* FROM "clientes" WHERE "clientes"."id" = ? LIMIT 1  [["id", 1]]
  Rendered clientes/show.html.haml (0.7ms)
Completed 200 OK in 8ms (Views: 5.2ms | ActiveRecord: 0.3ms)


Started GET "/clientes" for 127.0.0.1 at 2016-04-13 18:46:56 -0300
Processing by ClientesController#index as HTML
  [1m[36mCliente Load (0.7ms)[0m  [1mSELECT "clientes".* FROM "clientes"[0m
  Rendered clientes/index.html.haml (4.1ms)
Completed 200 OK in 12ms (Views: 9.4ms | ActiveRecord: 0.7ms)


Started GET "/clientes/1" for 127.0.0.1 at 2016-04-13 18:46:58 -0300
Processing by ClientesController#show as HTML
  Parameters: {"id"=>"1"}
  [1m[35mCliente Load (0.4ms)[0m  SELECT  "clientes".* FROM "clientes" WHERE "clientes"."id" = ? LIMIT 1  [["id", 1]]
  Rendered clientes/show.html.haml (1.9ms)
Completed 200 OK in 11ms (Views: 7.9ms | ActiveRecord: 0.4ms)


Started GET "/clientes" for 127.0.0.1 at 2016-04-13 18:46:59 -0300
Processing by ClientesController#index as HTML
  [1m[36mCliente Load (0.4ms)[0m  [1mSELECT "clientes".* FROM "clientes"[0m
  Rendered clientes/index.html.haml (2.7ms)
Completed 200 OK in 7ms (Views: 5.6ms | ActiveRecord: 0.4ms)


Started GET "/clientes/new" for 127.0.0.1 at 2016-04-13 18:47:05 -0300
Processing by ClientesController#new as HTML
  Rendered clientes/_form.html.haml (41.5ms)
  Rendered clientes/new.html.haml (43.5ms)
Completed 200 OK in 52ms (Views: 48.5ms | ActiveRecord: 0.0ms)


Started POST "/clientes" for 127.0.0.1 at 2016-04-13 18:47:28 -0300
Processing by ClientesController#create as HTML
  Parameters: {"utf8"=>"✓", "authenticity_token"=>"jL3nS4IwiB6r7iJ9OyCHhw3yNlB3Q1hFauHVfm2ILT9vt8k+qw+WwhOHCf8grlN1MZoXxYAzHmN2UaCxXLhOEw==", "cliente"=>{"nome"=>"doug", "cpf"=>"123", "endereco"=>"rua", "numero"=>"29", "cidade"=>"campos", "estado"=>"rj", "email"=>"do@g"}, "commit"=>"Create Cliente"}
  [1m[35m (0.2ms)[0m  begin transaction
  [1m[36mSQL (0.5ms)[0m  [1mINSERT INTO "clientes" ("nome", "cpf", "endereco", "numero", "cidade", "estado", "email", "created_at", "updated_at") VALUES (?, ?, ?, ?, ?, ?, ?, ?, ?)[0m  [["nome", "doug"], ["cpf", "123"], ["endereco", "rua"], ["numero", "29"], ["cidade", "campos"], ["estado", "rj"], ["email", "do@g"], ["created_at", "2016-04-13 21:47:28.912803"], ["updated_at", "2016-04-13 21:47:28.912803"]]
  [1m[35m (2.9ms)[0m  commit transaction
Redirected to http://localhost:3000/clientes/2
Completed 302 Found in 16ms (ActiveRecord: 3.6ms)


Started GET "/clientes/2" for 127.0.0.1 at 2016-04-13 18:47:28 -0300
Processing by ClientesController#show as HTML
  Parameters: {"id"=>"2"}
  [1m[36mCliente Load (0.2ms)[0m  [1mSELECT  "clientes".* FROM "clientes" WHERE "clientes"."id" = ? LIMIT 1[0m  [["id", 2]]
  Rendered clientes/show.html.haml (0.8ms)
Completed 200 OK in 6ms (Views: 3.9ms | ActiveRecord: 0.2ms)


Started GET "/clientes" for 127.0.0.1 at 2016-04-13 18:47:32 -0300
Processing by ClientesController#index as HTML
  [1m[35mCliente Load (0.3ms)[0m  SELECT "clientes".* FROM "clientes"
  Rendered clientes/index.html.haml (2.9ms)
Completed 200 OK in 6ms (Views: 5.3ms | ActiveRecord: 0.3ms)


Started GET "/" for 127.0.0.1 at 2016-04-13 20:33:42 -0300
  [1m[36mActiveRecord::SchemaMigration Load (0.2ms)[0m  [1mSELECT "schema_migrations".* FROM "schema_migrations"[0m
Processing by VisitorsController#index as HTML
  Rendered visitors/index.html.erb (2.3ms)
Completed 200 OK in 54ms (Views: 36.1ms | ActiveRecord: 0.0ms)


Started GET "/clientes" for 127.0.0.1 at 2016-04-13 20:33:49 -0300
Processing by ClientesController#index as HTML
  [1m[35mCliente Load (0.2ms)[0m  SELECT "clientes".* FROM "clientes"
  Rendered clientes/index.html.haml (27.0ms)
Completed 200 OK in 48ms (Views: 33.2ms | ActiveRecord: 0.6ms)


Started GET "/clientes/1" for 127.0.0.1 at 2016-04-13 20:33:51 -0300
Processing by ClientesController#show as HTML
  Parameters: {"id"=>"1"}
  [1m[36mCliente Load (0.2ms)[0m  [1mSELECT  "clientes".* FROM "clientes" WHERE "clientes"."id" = ? LIMIT 1[0m  [["id", 1]]
  Rendered clientes/show.html.haml (3.3ms)
Completed 200 OK in 46ms (Views: 5.6ms | ActiveRecord: 0.2ms)


Started GET "/clientes/1/edit" for 127.0.0.1 at 2016-04-13 20:33:53 -0300
Processing by ClientesController#edit as HTML
  Parameters: {"id"=>"1"}
  [1m[35mCliente Load (0.2ms)[0m  SELECT  "clientes".* FROM "clientes" WHERE "clientes"."id" = ? LIMIT 1  [["id", 1]]
  Rendered clientes/_form.html.haml (710.9ms)
  Rendered clientes/edit.html.haml (738.7ms)
Completed 200 OK in 745ms (Views: 743.2ms | ActiveRecord: 0.2ms)


Started PATCH "/clientes/1" for 127.0.0.1 at 2016-04-13 20:33:56 -0300
Processing by ClientesController#update as HTML
  Parameters: {"utf8"=>"✓", "authenticity_token"=>"8TpUrbM2OIuRy5/OJQLxcydB0jMcgIgcDs6Xsk+Zv58SMHrYmgkmVymitEw+jCWBGynzpuvwzjoSfuJ9fqncsw==", "cliente"=>{"nome"=>"rafa", "cpf"=>"111", "endereco"=>"asr", "numero"=>"29", "cidade"=>"cam", "estado"=>"rj", "email"=>"ra@fa"}, "commit"=>"Update Cliente", "id"=>"1"}
  [1m[36mCliente Load (0.1ms)[0m  [1mSELECT  "clientes".* FROM "clientes" WHERE "clientes"."id" = ? LIMIT 1[0m  [["id", 1]]
  [1m[35m (0.1ms)[0m  begin transaction
  [1m[36m (0.1ms)[0m  [1mcommit transaction[0m
Redirected to http://localhost:3000/clientes/1
Completed 302 Found in 5ms (ActiveRecord: 0.3ms)


Started GET "/clientes/1" for 127.0.0.1 at 2016-04-13 20:33:56 -0300
Processing by ClientesController#show as HTML
  Parameters: {"id"=>"1"}
  [1m[35mCliente Load (0.1ms)[0m  SELECT  "clientes".* FROM "clientes" WHERE "clientes"."id" = ? LIMIT 1  [["id", 1]]
  Rendered clientes/show.html.haml (0.6ms)
Completed 200 OK in 4ms (Views: 2.7ms | ActiveRecord: 0.1ms)


Started GET "/clientes/1/edit" for 127.0.0.1 at 2016-04-13 20:33:58 -0300
Processing by ClientesController#edit as HTML
  Parameters: {"id"=>"1"}
  [1m[36mCliente Load (0.2ms)[0m  [1mSELECT  "clientes".* FROM "clientes" WHERE "clientes"."id" = ? LIMIT 1[0m  [["id", 1]]
  Rendered clientes/_form.html.haml (28.6ms)
  Rendered clientes/edit.html.haml (30.4ms)
Completed 200 OK in 36ms (Views: 34.1ms | ActiveRecord: 0.2ms)


Started GET "/clientes" for 127.0.0.1 at 2016-04-13 20:34:00 -0300
Processing by ClientesController#index as HTML
  [1m[35mCliente Load (0.4ms)[0m  SELECT "clientes".* FROM "clientes"
  Rendered clientes/index.html.haml (3.1ms)
Completed 200 OK in 8ms (Views: 6.7ms | ActiveRecord: 0.4ms)


Started GET "/clientes/2/edit" for 127.0.0.1 at 2016-04-13 20:34:02 -0300
Processing by ClientesController#edit as HTML
  Parameters: {"id"=>"2"}
  [1m[36mCliente Load (0.2ms)[0m  [1mSELECT  "clientes".* FROM "clientes" WHERE "clientes"."id" = ? LIMIT 1[0m  [["id", 2]]
  Rendered clientes/_form.html.haml (33.0ms)
  Rendered clientes/edit.html.haml (35.1ms)
Completed 200 OK in 43ms (Views: 41.2ms | ActiveRecord: 0.2ms)


Started PATCH "/clientes/2" for 127.0.0.1 at 2016-04-13 20:34:04 -0300
Processing by ClientesController#update as HTML
  Parameters: {"utf8"=>"✓", "authenticity_token"=>"Vi/KwtUmOl6U4TJSchHBuyzV9L9NU0L7Id2m/RWLgp21JeS3/BkkgiyIGdBpnxVJEL3VKrojBN09bdMyJLvhsQ==", "cliente"=>{"nome"=>"doug", "cpf"=>"123", "endereco"=>"rua", "numero"=>"29", "cidade"=>"campos", "estado"=>"rj", "email"=>"do@g"}, "commit"=>"Update Cliente", "id"=>"2"}
  [1m[35mCliente Load (0.1ms)[0m  SELECT  "clientes".* FROM "clientes" WHERE "clientes"."id" = ? LIMIT 1  [["id", 2]]
  [1m[36m (0.1ms)[0m  [1mbegin transaction[0m
  [1m[35m (0.1ms)[0m  commit transaction
Redirected to http://localhost:3000/clientes/2
Completed 302 Found in 5ms (ActiveRecord: 0.3ms)


Started GET "/clientes/2" for 127.0.0.1 at 2016-04-13 20:34:04 -0300
Processing by ClientesController#show as HTML
  Parameters: {"id"=>"2"}
  [1m[36mCliente Load (0.1ms)[0m  [1mSELECT  "clientes".* FROM "clientes" WHERE "clientes"."id" = ? LIMIT 1[0m  [["id", 2]]
  Rendered clientes/show.html.haml (0.9ms)
Completed 200 OK in 5ms (Views: 3.5ms | ActiveRecord: 0.1ms)


Started GET "/clientes" for 127.0.0.1 at 2016-04-13 20:34:06 -0300
Processing by ClientesController#index as HTML
  [1m[35mCliente Load (0.2ms)[0m  SELECT "clientes".* FROM "clientes"
  Rendered clientes/index.html.haml (3.3ms)
Completed 200 OK in 7ms (Views: 5.7ms | ActiveRecord: 0.2ms)


Started GET "/clientes/new" for 127.0.0.1 at 2016-04-13 20:34:07 -0300
Processing by ClientesController#new as HTML
  Rendered clientes/_form.html.haml (26.7ms)
  Rendered clientes/new.html.haml (32.8ms)
Completed 200 OK in 87ms (Views: 85.8ms | ActiveRecord: 0.0ms)


Started POST "/clientes" for 127.0.0.1 at 2016-04-13 20:34:09 -0300
Processing by ClientesController#create as HTML
  Parameters: {"utf8"=>"✓", "authenticity_token"=>"pC7P280TACl6fTg2z9Gjvt6CTbNf/HXkr3PvIHWD3JJHJOGu5Cwe9cIUE7TUX3dM4upsJqiMM8Kzw5rvRLO/vg==", "cliente"=>{"nome"=>"", "cpf"=>"", "endereco"=>"", "numero"=>"", "cidade"=>"", "estado"=>"", "email"=>""}, "commit"=>"Create Cliente"}
  [1m[36m (0.2ms)[0m  [1mbegin transaction[0m
  [1m[35mSQL (1.3ms)[0m  INSERT INTO "clientes" ("nome", "cpf", "endereco", "numero", "cidade", "estado", "email", "created_at", "updated_at") VALUES (?, ?, ?, ?, ?, ?, ?, ?, ?)  [["nome", ""], ["cpf", ""], ["endereco", ""], ["numero", ""], ["cidade", ""], ["estado", ""], ["email", ""], ["created_at", "2016-04-13 23:34:09.596150"], ["updated_at", "2016-04-13 23:34:09.596150"]]
  [1m[36m (2.8ms)[0m  [1mcommit transaction[0m
Redirected to http://localhost:3000/clientes/3
Completed 302 Found in 12ms (ActiveRecord: 4.2ms)


Started GET "/clientes/3" for 127.0.0.1 at 2016-04-13 20:34:09 -0300
Processing by ClientesController#show as HTML
  Parameters: {"id"=>"3"}
  [1m[35mCliente Load (0.2ms)[0m  SELECT  "clientes".* FROM "clientes" WHERE "clientes"."id" = ? LIMIT 1  [["id", 3]]
  Rendered clientes/show.html.haml (0.8ms)
Completed 200 OK in 6ms (Views: 4.3ms | ActiveRecord: 0.2ms)


Started GET "/clientes" for 127.0.0.1 at 2016-04-13 20:34:11 -0300
Processing by ClientesController#index as HTML
  [1m[36mCliente Load (0.4ms)[0m  [1mSELECT "clientes".* FROM "clientes"[0m
  Rendered clientes/index.html.haml (4.7ms)
Completed 200 OK in 12ms (Views: 10.2ms | ActiveRecord: 0.4ms)


Started GET "/clientes/1" for 127.0.0.1 at 2016-04-13 20:34:15 -0300
Processing by ClientesController#show as HTML
  Parameters: {"id"=>"1"}
  [1m[35mCliente Load (0.3ms)[0m  SELECT  "clientes".* FROM "clientes" WHERE "clientes"."id" = ? LIMIT 1  [["id", 1]]
  Rendered clientes/show.html.haml (1.2ms)
Completed 200 OK in 9ms (Views: 7.2ms | ActiveRecord: 0.3ms)


Started GET "/clientes/1/edit" for 127.0.0.1 at 2016-04-13 20:34:16 -0300
Processing by ClientesController#edit as HTML
  Parameters: {"id"=>"1"}
  [1m[36mCliente Load (0.3ms)[0m  [1mSELECT  "clientes".* FROM "clientes" WHERE "clientes"."id" = ? LIMIT 1[0m  [["id", 1]]
  Rendered clientes/_form.html.haml (27.6ms)
  Rendered clientes/edit.html.haml (29.2ms)
Completed 200 OK in 36ms (Views: 32.6ms | ActiveRecord: 0.3ms)


Started GET "/clientes" for 127.0.0.1 at 2016-04-13 20:34:18 -0300
Processing by ClientesController#index as HTML
  [1m[35mCliente Load (0.2ms)[0m  SELECT "clientes".* FROM "clientes"
  Rendered clientes/index.html.haml (4.6ms)
Completed 200 OK in 8ms (Views: 7.2ms | ActiveRecord: 0.2ms)


Started GET "/clientes/1" for 127.0.0.1 at 2016-04-13 20:34:19 -0300
Processing by ClientesController#show as HTML
  Parameters: {"id"=>"1"}
  [1m[36mCliente Load (0.1ms)[0m  [1mSELECT  "clientes".* FROM "clientes" WHERE "clientes"."id" = ? LIMIT 1[0m  [["id", 1]]
  Rendered clientes/show.html.haml (0.6ms)
Completed 200 OK in 6ms (Views: 3.7ms | ActiveRecord: 0.1ms)


Started GET "/clientes/1/edit" for 127.0.0.1 at 2016-04-13 20:34:25 -0300
Processing by ClientesController#edit as HTML
  Parameters: {"id"=>"1"}
  [1m[35mCliente Load (0.3ms)[0m  SELECT  "clientes".* FROM "clientes" WHERE "clientes"."id" = ? LIMIT 1  [["id", 1]]
  Rendered clientes/_form.html.haml (26.5ms)
  Rendered clientes/edit.html.haml (28.2ms)
Completed 200 OK in 34ms (Views: 32.1ms | ActiveRecord: 0.3ms)


Started PATCH "/clientes/1" for 127.0.0.1 at 2016-04-13 20:34:31 -0300
Processing by ClientesController#update as HTML
  Parameters: {"utf8"=>"✓", "authenticity_token"=>"USKeEUN5ZmBNNzi4izYhc/+Nk6l41oQPTt2vGv60OOGyKLBkakZ4vPVeEzqQuPWBw+WyPI+mwilSbdrVz4RbzQ==", "cliente"=>{"nome"=>"rafa", "cpf"=>"111", "endereco"=>"", "numero"=>"29", "cidade"=>"cam", "estado"=>"rj", "email"=>"ra@fa"}, "commit"=>"Update Cliente", "id"=>"1"}
  [1m[36mCliente Load (0.1ms)[0m  [1mSELECT  "clientes".* FROM "clientes" WHERE "clientes"."id" = ? LIMIT 1[0m  [["id", 1]]
  [1m[35m (0.2ms)[0m  begin transaction
  [1m[36mSQL (0.4ms)[0m  [1mUPDATE "clientes" SET "endereco" = ?, "updated_at" = ? WHERE "clientes"."id" = ?[0m  [["endereco", ""], ["updated_at", "2016-04-13 23:34:31.430941"], ["id", 1]]
  [1m[35m (2.4ms)[0m  commit transaction
Redirected to http://localhost:3000/clientes/1
Completed 302 Found in 10ms (ActiveRecord: 3.1ms)


Started GET "/clientes/1" for 127.0.0.1 at 2016-04-13 20:34:31 -0300
Processing by ClientesController#show as HTML
  Parameters: {"id"=>"1"}
  [1m[36mCliente Load (0.2ms)[0m  [1mSELECT  "clientes".* FROM "clientes" WHERE "clientes"."id" = ? LIMIT 1[0m  [["id", 1]]
  Rendered clientes/show.html.haml (0.6ms)
Completed 200 OK in 4ms (Views: 2.5ms | ActiveRecord: 0.2ms)


Started GET "/clientes/1/edit" for 127.0.0.1 at 2016-04-13 20:34:33 -0300
Processing by ClientesController#edit as HTML
  Parameters: {"id"=>"1"}
  [1m[35mCliente Load (0.2ms)[0m  SELECT  "clientes".* FROM "clientes" WHERE "clientes"."id" = ? LIMIT 1  [["id", 1]]
  Rendered clientes/_form.html.haml (20.0ms)
  Rendered clientes/edit.html.haml (21.4ms)
Completed 200 OK in 26ms (Views: 23.9ms | ActiveRecord: 0.2ms)


Started GET "/clientes" for 127.0.0.1 at 2016-04-13 20:34:34 -0300
Processing by ClientesController#index as HTML
  [1m[36mCliente Load (0.3ms)[0m  [1mSELECT "clientes".* FROM "clientes"[0m
  Rendered clientes/index.html.haml (2.7ms)
Completed 200 OK in 7ms (Views: 4.8ms | ActiveRecord: 0.3ms)
  [1m[36mActiveRecord::SchemaMigration Load (0.1ms)[0m  [1mSELECT "schema_migrations".* FROM "schema_migrations"[0m
  [1m[35mActiveRecord::SchemaMigration Load (0.1ms)[0m  SELECT "schema_migrations".* FROM "schema_migrations"
  [1m[36mActiveRecord::SchemaMigration Load (0.1ms)[0m  [1mSELECT "schema_migrations".* FROM "schema_migrations"[0m
  [1m[35mActiveRecord::SchemaMigration Load (0.1ms)[0m  SELECT "schema_migrations".* FROM "schema_migrations"


Started GET "/" for 127.0.0.1 at 2016-04-13 21:43:55 -0300
  [1m[36mActiveRecord::SchemaMigration Load (0.1ms)[0m  [1mSELECT "schema_migrations".* FROM "schema_migrations"[0m
Processing by VisitorsController#index as HTML
  Rendered visitors/index.html.erb (1.8ms)
Completed 200 OK in 58ms (Views: 35.1ms | ActiveRecord: 0.0ms)


Started GET "/clientes" for 127.0.0.1 at 2016-04-13 21:43:57 -0300
Processing by ClientesController#index as HTML
  [1m[35mCliente Load (0.2ms)[0m  SELECT "clientes".* FROM "clientes"
  Rendered clientes/index.html.haml (28.3ms)
Completed 200 OK in 39ms (Views: 35.4ms | ActiveRecord: 0.5ms)


Started GET "/clientes/new" for 127.0.0.1 at 2016-04-13 21:44:00 -0300
Processing by ClientesController#new as HTML
  Rendered clientes/_form.html.haml (691.5ms)
  Rendered clientes/new.html.haml (700.9ms)
Completed 200 OK in 708ms (Views: 705.4ms | ActiveRecord: 0.0ms)


Started POST "/clientes" for 127.0.0.1 at 2016-04-13 21:44:02 -0300
Processing by ClientesController#create as HTML
  Parameters: {"utf8"=>"✓", "authenticity_token"=>"yn0MqSSVXChsW9gEeIypn81sSLlOiaa/7QaI96rcZOspdyLcDapC9NQy84ZjAn1t8QRpLLn54Jnxtv04m+wHxw==", "cliente"=>{"nome"=>"", "cpf"=>"", "endereco"=>"", "numero"=>"", "cidade"=>"", "estado"=>"", "email"=>""}, "commit"=>"Create Cliente"}
  [1m[36m (0.2ms)[0m  [1mbegin transaction[0m
  [1m[35mSQL (0.5ms)[0m  INSERT INTO "clientes" ("nome", "cpf", "endereco", "numero", "cidade", "estado", "email", "created_at", "updated_at") VALUES (?, ?, ?, ?, ?, ?, ?, ?, ?)  [["nome", ""], ["cpf", ""], ["endereco", ""], ["numero", ""], ["cidade", ""], ["estado", ""], ["email", ""], ["created_at", "2016-04-14 00:44:02.881566"], ["updated_at", "2016-04-14 00:44:02.881566"]]
  [1m[36m (3.6ms)[0m  [1mcommit transaction[0m
Redirected to http://localhost:3000/clientes/4
Completed 302 Found in 32ms (ActiveRecord: 4.2ms)


Started GET "/clientes/4" for 127.0.0.1 at 2016-04-13 21:44:02 -0300
Processing by ClientesController#show as HTML
  Parameters: {"id"=>"4"}
  [1m[35mCliente Load (0.3ms)[0m  SELECT  "clientes".* FROM "clientes" WHERE "clientes"."id" = ? LIMIT 1  [["id", 4]]
  Rendered clientes/show.html.haml (3.9ms)
Completed 200 OK in 40ms (Views: 6.2ms | ActiveRecord: 0.3ms)


Started GET "/clientes" for 127.0.0.1 at 2016-04-13 21:44:04 -0300
Processing by ClientesController#index as HTML
  [1m[36mCliente Load (0.5ms)[0m  [1mSELECT "clientes".* FROM "clientes"[0m
  Rendered clientes/index.html.haml (5.2ms)
Completed 200 OK in 13ms (Views: 11.1ms | ActiveRecord: 0.5ms)


Started GET "/clientes/4" for 127.0.0.1 at 2016-04-13 21:44:06 -0300
Processing by ClientesController#show as HTML
  Parameters: {"id"=>"4"}
  [1m[35mCliente Load (0.4ms)[0m  SELECT  "clientes".* FROM "clientes" WHERE "clientes"."id" = ? LIMIT 1  [["id", 4]]
  Rendered clientes/show.html.haml (1.5ms)
Completed 200 OK in 11ms (Views: 7.5ms | ActiveRecord: 0.4ms)


Started GET "/clientes/1" for 127.0.0.1 at 2016-04-13 21:44:11 -0300
Processing by ClientesController#show as HTML
  Parameters: {"id"=>"1"}
  [1m[36mCliente Load (0.2ms)[0m  [1mSELECT  "clientes".* FROM "clientes" WHERE "clientes"."id" = ? LIMIT 1[0m  [["id", 1]]
  Rendered clientes/show.html.haml (1.3ms)
Completed 200 OK in 11ms (Views: 8.6ms | ActiveRecord: 0.2ms)


Started GET "/clientes/1/edit" for 127.0.0.1 at 2016-04-13 21:44:13 -0300
Processing by ClientesController#edit as HTML
  Parameters: {"id"=>"1"}
  [1m[35mCliente Load (0.3ms)[0m  SELECT  "clientes".* FROM "clientes" WHERE "clientes"."id" = ? LIMIT 1  [["id", 1]]
  Rendered clientes/_form.html.haml (25.9ms)
  Rendered clientes/edit.html.haml (29.4ms)
Completed 200 OK in 36ms (Views: 33.7ms | ActiveRecord: 0.3ms)


Started GET "/clientes" for 127.0.0.1 at 2016-04-13 21:44:13 -0300
Processing by ClientesController#index as HTML
  [1m[36mCliente Load (1.8ms)[0m  [1mSELECT "clientes".* FROM "clientes"[0m
  Rendered clientes/index.html.haml (7.0ms)
Completed 200 OK in 15ms (Views: 11.6ms | ActiveRecord: 1.8ms)


Started GET "/clientes/1/edit" for 127.0.0.1 at 2016-04-13 21:44:15 -0300
Processing by ClientesController#edit as HTML
  Parameters: {"id"=>"1"}
  [1m[35mCliente Load (0.1ms)[0m  SELECT  "clientes".* FROM "clientes" WHERE "clientes"."id" = ? LIMIT 1  [["id", 1]]
  Rendered clientes/_form.html.haml (21.1ms)
  Rendered clientes/edit.html.haml (22.5ms)
Completed 200 OK in 27ms (Views: 24.8ms | ActiveRecord: 0.1ms)


Started PATCH "/clientes/1" for 127.0.0.1 at 2016-04-13 21:44:16 -0300
Processing by ClientesController#update as HTML
  Parameters: {"utf8"=>"✓", "authenticity_token"=>"aLeUFetA+xRpL7x5+0IOzYWN1JYyQR8AIqGhkBwlUPiLvbpgwn/lyNFGl/vgzNo/ueX1A8UxWSY+EdRfLRUz1A==", "cliente"=>{"nome"=>"rafa", "cpf"=>"111", "endereco"=>"", "numero"=>"29", "cidade"=>"cam", "estado"=>"rj", "email"=>"ra@fa"}, "commit"=>"Update Cliente", "id"=>"1"}
  [1m[36mCliente Load (0.2ms)[0m  [1mSELECT  "clientes".* FROM "clientes" WHERE "clientes"."id" = ? LIMIT 1[0m  [["id", 1]]
  [1m[35m (0.1ms)[0m  begin transaction
  [1m[36m (0.1ms)[0m  [1mcommit transaction[0m
Redirected to http://localhost:3000/clientes/1
Completed 302 Found in 4ms (ActiveRecord: 0.3ms)


Started GET "/clientes/1" for 127.0.0.1 at 2016-04-13 21:44:16 -0300
Processing by ClientesController#show as HTML
  Parameters: {"id"=>"1"}
  [1m[35mCliente Load (0.1ms)[0m  SELECT  "clientes".* FROM "clientes" WHERE "clientes"."id" = ? LIMIT 1  [["id", 1]]
  Rendered clientes/show.html.haml (0.6ms)
Completed 200 OK in 5ms (Views: 2.8ms | ActiveRecord: 0.1ms)


Started GET "/clientes" for 127.0.0.1 at 2016-04-13 21:44:18 -0300
Processing by ClientesController#index as HTML
  [1m[36mCliente Load (1.7ms)[0m  [1mSELECT "clientes".* FROM "clientes"[0m
  Rendered clientes/index.html.haml (8.9ms)
Completed 200 OK in 15ms (Views: 11.8ms | ActiveRecord: 1.7ms)


Started GET "/clientes/4" for 127.0.0.1 at 2016-04-13 21:44:20 -0300
Processing by ClientesController#show as HTML
  Parameters: {"id"=>"4"}
  [1m[35mCliente Load (0.4ms)[0m  SELECT  "clientes".* FROM "clientes" WHERE "clientes"."id" = ? LIMIT 1  [["id", 4]]
  Rendered clientes/show.html.haml (1.7ms)
Completed 200 OK in 11ms (Views: 6.1ms | ActiveRecord: 0.4ms)
  [1m[36mActiveRecord::SchemaMigration Load (0.1ms)[0m  [1mSELECT "schema_migrations".* FROM "schema_migrations"[0m
  [1m[35mActiveRecord::SchemaMigration Load (0.1ms)[0m  SELECT "schema_migrations".* FROM "schema_migrations"
  [1m[36mActiveRecord::SchemaMigration Load (0.1ms)[0m  [1mSELECT "schema_migrations".* FROM "schema_migrations"[0m
  [1m[35mActiveRecord::SchemaMigration Load (0.1ms)[0m  SELECT "schema_migrations".* FROM "schema_migrations"


Started GET "/clientes" for 127.0.0.1 at 2016-04-25 18:49:00 -0300
  [1m[36mActiveRecord::SchemaMigration Load (0.1ms)[0m  [1mSELECT "schema_migrations".* FROM "schema_migrations"[0m
Processing by ClientesController#index as HTML
  [1m[35mCliente Load (0.4ms)[0m  SELECT "clientes".* FROM "clientes"
  Rendered clientes/index.html.haml (32.6ms)
Completed 200 OK in 178ms (Views: 146.4ms | ActiveRecord: 0.9ms)


Started GET "/clientes/3/edit" for 127.0.0.1 at 2016-04-25 18:49:03 -0300
Processing by ClientesController#edit as HTML
  Parameters: {"id"=>"3"}
  [1m[36mCliente Load (0.2ms)[0m  [1mSELECT  "clientes".* FROM "clientes" WHERE "clientes"."id" = ? LIMIT 1[0m  [["id", 3]]
  Rendered clientes/_form.html.haml (719.6ms)
  Rendered clientes/edit.html.haml (725.2ms)
Completed 200 OK in 804ms (Views: 727.4ms | ActiveRecord: 0.2ms)


Started GET "/clientes" for 127.0.0.1 at 2016-04-25 18:49:06 -0300
Processing by ClientesController#index as HTML
  [1m[35mCliente Load (0.4ms)[0m  SELECT "clientes".* FROM "clientes"
  Rendered clientes/index.html.haml (4.4ms)
Completed 200 OK in 8ms (Views: 7.0ms | ActiveRecord: 0.4ms)


Started GET "/clientes/1" for 127.0.0.1 at 2016-04-25 18:49:08 -0300
Processing by ClientesController#show as HTML
  Parameters: {"id"=>"1"}
  [1m[36mCliente Load (0.3ms)[0m  [1mSELECT  "clientes".* FROM "clientes" WHERE "clientes"."id" = ? LIMIT 1[0m  [["id", 1]]
  Rendered clientes/show.html.haml (3.5ms)
Completed 200 OK in 28ms (Views: 26.1ms | ActiveRecord: 0.3ms)


Started GET "/clientes/1/edit" for 127.0.0.1 at 2016-04-25 18:49:11 -0300
Processing by ClientesController#edit as HTML
  Parameters: {"id"=>"1"}
  [1m[35mCliente Load (0.2ms)[0m  SELECT  "clientes".* FROM "clientes" WHERE "clientes"."id" = ? LIMIT 1  [["id", 1]]
  Rendered clientes/_form.html.haml (20.5ms)
  Rendered clientes/edit.html.haml (21.7ms)
Completed 200 OK in 29ms (Views: 26.2ms | ActiveRecord: 0.2ms)


Started PATCH "/clientes/1" for 127.0.0.1 at 2016-04-25 18:49:19 -0300
Processing by ClientesController#update as HTML
  Parameters: {"utf8"=>"✓", "authenticity_token"=>"t5VwPaSFYJdaEMMn3NCUfMP8HchjuUOQbkrATMDz9bWFo1ONff+reO6tnotHIfLEONJZLW3qYsULa0FDl5Ht5Q==", "cliente"=>{"nome"=>"rafa", "cpf"=>"111", "endereco"=>"rua", "numero"=>"29", "cidade"=>"cam", "estado"=>"rj", "email"=>"ra@fa"}, "commit"=>"Update Cliente", "id"=>"1"}
  [1m[36mCliente Load (0.1ms)[0m  [1mSELECT  "clientes".* FROM "clientes" WHERE "clientes"."id" = ? LIMIT 1[0m  [["id", 1]]
  [1m[35m (0.1ms)[0m  begin transaction
  [1m[36mSQL (0.3ms)[0m  [1mUPDATE "clientes" SET "endereco" = ?, "updated_at" = ? WHERE "clientes"."id" = ?[0m  [["endereco", "rua"], ["updated_at", "2016-04-25 21:49:19.846167"], ["id", 1]]
  [1m[35m (2.5ms)[0m  commit transaction
Redirected to http://localhost:3000/clientes/1
Completed 302 Found in 9ms (ActiveRecord: 3.0ms)


Started GET "/clientes/1" for 127.0.0.1 at 2016-04-25 18:49:19 -0300
Processing by ClientesController#show as HTML
  Parameters: {"id"=>"1"}
  [1m[36mCliente Load (0.1ms)[0m  [1mSELECT  "clientes".* FROM "clientes" WHERE "clientes"."id" = ? LIMIT 1[0m  [["id", 1]]
  Rendered clientes/show.html.haml (0.5ms)
Completed 200 OK in 4ms (Views: 2.4ms | ActiveRecord: 0.1ms)


Started GET "/clientes" for 127.0.0.1 at 2016-04-25 18:49:22 -0300
Processing by ClientesController#index as HTML
  [1m[35mCliente Load (0.3ms)[0m  SELECT "clientes".* FROM "clientes"
  Rendered clientes/index.html.haml (4.0ms)
Completed 200 OK in 8ms (Views: 6.8ms | ActiveRecord: 0.3ms)


Started GET "/clientes/1" for 127.0.0.1 at 2016-04-25 18:49:27 -0300
Processing by ClientesController#show as HTML
  Parameters: {"id"=>"1"}
  [1m[36mCliente Load (0.2ms)[0m  [1mSELECT  "clientes".* FROM "clientes" WHERE "clientes"."id" = ? LIMIT 1[0m  [["id", 1]]
  Rendered clientes/show.html.haml (0.7ms)
Completed 200 OK in 8ms (Views: 3.6ms | ActiveRecord: 0.2ms)


Started GET "/clientes" for 127.0.0.1 at 2016-04-25 18:49:29 -0300
Processing by ClientesController#index as HTML
  [1m[35mCliente Load (0.2ms)[0m  SELECT "clientes".* FROM "clientes"
  Rendered clientes/index.html.haml (5.3ms)
Completed 200 OK in 9ms (Views: 7.4ms | ActiveRecord: 0.2ms)


Started GET "/clientes/new" for 127.0.0.1 at 2016-04-25 18:49:30 -0300
Processing by ClientesController#new as HTML
  Rendered clientes/_form.html.haml (21.2ms)
  Rendered clientes/new.html.haml (23.9ms)
Completed 200 OK in 44ms (Views: 42.3ms | ActiveRecord: 0.0ms)


Started GET "/clientes" for 127.0.0.1 at 2016-04-25 18:49:31 -0300
Processing by ClientesController#index as HTML
  [1m[36mCliente Load (0.2ms)[0m  [1mSELECT "clientes".* FROM "clientes"[0m
  Rendered clientes/index.html.haml (3.8ms)
Completed 200 OK in 7ms (Views: 5.8ms | ActiveRecord: 0.2ms)


Started GET "/clientes/3" for 127.0.0.1 at 2016-04-25 18:49:36 -0300
Processing by ClientesController#show as HTML
  Parameters: {"id"=>"3"}
  [1m[35mCliente Load (0.8ms)[0m  SELECT  "clientes".* FROM "clientes" WHERE "clientes"."id" = ? LIMIT 1  [["id", 3]]
  Rendered clientes/show.html.haml (0.6ms)
Completed 200 OK in 7ms (Views: 4.1ms | ActiveRecord: 0.8ms)


Started GET "/clientes/3/edit" for 127.0.0.1 at 2016-04-25 18:49:37 -0300
Processing by ClientesController#edit as HTML
  Parameters: {"id"=>"3"}
  [1m[36mCliente Load (0.1ms)[0m  [1mSELECT  "clientes".* FROM "clientes" WHERE "clientes"."id" = ? LIMIT 1[0m  [["id", 3]]
  Rendered clientes/_form.html.haml (34.9ms)
  Rendered clientes/edit.html.haml (36.2ms)
Completed 200 OK in 40ms (Views: 38.6ms | ActiveRecord: 0.1ms)


Started GET "/clientes/3" for 127.0.0.1 at 2016-04-25 18:49:39 -0300
Processing by ClientesController#show as HTML
  Parameters: {"id"=>"3"}
  [1m[35mCliente Load (0.1ms)[0m  SELECT  "clientes".* FROM "clientes" WHERE "clientes"."id" = ? LIMIT 1  [["id", 3]]
  Rendered clientes/show.html.haml (0.6ms)
Completed 200 OK in 5ms (Views: 3.9ms | ActiveRecord: 0.1ms)


Started GET "/clientes" for 127.0.0.1 at 2016-04-25 18:49:40 -0300
Processing by ClientesController#index as HTML
  [1m[36mCliente Load (0.2ms)[0m  [1mSELECT "clientes".* FROM "clientes"[0m
  Rendered clientes/index.html.haml (3.7ms)
Completed 200 OK in 6ms (Views: 5.5ms | ActiveRecord: 0.2ms)


Started GET "/" for 127.0.0.1 at 2016-04-25 18:49:48 -0300
Processing by VisitorsController#index as HTML
  Rendered visitors/index.html.erb (0.4ms)
Completed 200 OK in 7ms (Views: 6.1ms | ActiveRecord: 0.0ms)


Started GET "/" for 127.0.0.1 at 2016-04-25 19:40:36 -0300
  [1m[36mActiveRecord::SchemaMigration Load (0.2ms)[0m  [1mSELECT "schema_migrations".* FROM "schema_migrations"[0m
Processing by VisitorsController#index as HTML
  Rendered visitors/index.html.erb (1.8ms)
Completed 200 OK in 25ms (Views: 12.6ms | ActiveRecord: 0.0ms)
